vLCDemobf/build/outputs/logs/manifest-merger-debug-report.txt
-- Merging decision tree log ---
manifest
ADDED from src/main/AndroidManifest.xml:2:1-29:12
INJECTED from src/main/AndroidManifest.xml:2:1-29:12
INJECTED from src/main/AndroidManifest.xml:2:1-29:12
INJECTED from src/main/AndroidManifest.xml:2:1-29:12
MERGED from [com.android.support:appcompat-v7:19.1.0] AndroidManifest.xml:16:1-20:12
INJECTED from src/main/AndroidManifest.xml:2:1-29:12
INJECTED from src/main/AndroidManifest.xml:2:1-29:12
INJECTED from src/main/AndroidManifest.xml:2:1-29:12
	package
		ADDED from src/main/AndroidManifest.xml:3:5-34
		INJECTED from src/main/AndroidManifest.xml
		INJECTED from src/main/AndroidManifest.xml
	android:versionName
		ADDED from src/main/AndroidManifest.xml:5:5-30
		INJECTED from src/main/AndroidManifest.xml
		INJECTED from src/main/AndroidManifest.xml
	xmlns:android
		ADDED from src/main/AndroidManifest.xml:2:11-69
	android:versionCode
		ADDED from src/main/AndroidManifest.xml:4:5-28
		INJECTED from src/main/AndroidManifest.xml
		INJECTED from src/main/AndroidManifest.xml
uses-sdk
ADDED from src/main/AndroidManifest.xml:8:4-9:36
INJECTED from src/main/AndroidManifest.xml:8:4-9:36
INJECTED from src/main/AndroidManifest.xml:8:4-9:36
MERGED from [com.android.support:appcompat-v7:19.1.0] AndroidManifest.xml:18:5-42
MERGED from [com.android.support:appcompat-v7:19.1.0] AndroidManifest.xml:18:5-42
INJECTED from src/main/AndroidManifest.xml:8:4-9:36
INJECTED from src/main/AndroidManifest.xml:8:4-9:36
	android:targetSdkVersion
		ADDED from src/main/AndroidManifest.xml:9:4-33
		INJECTED from src/main/AndroidManifest.xml
		INJECTED from src/main/AndroidManifest.xml
	android:minSdkVersion
		ADDED from src/main/AndroidManifest.xml:8:14-39
		INJECTED from src/main/AndroidManifest.xml
		INJECTED from src/main/AndroidManifest.xml
uses-permission#android.permission.INTERNET
ADDED from src/main/AndroidManifest.xml:10:3-65
	android:name
		ADDED from src/main/AndroidManifest.xml:10:20-62
application
ADDED from src/main/AndroidManifest.xml:12:3-27:17
MERGED from [com.android.support:appcompat-v7:19.1.0] AndroidManifest.xml:19:5-20
MERGED from [com.android.support:appcompat-v7:19.1.0] AndroidManifest.xml:19:5-20
	android:label
		ADDED from src/main/AndroidManifest.xml:14:11-34
	android:hardwareAccelerated
		ADDED from src/main/AndroidManifest.xml:17:11-45
	android:icon
		ADDED from src/main/AndroidManifest.xml:13:11-44
	android:allowBackup
		ADDED from src/main/AndroidManifest.xml:12:16-42
	android:theme
		ADDED from src/main/AndroidManifest.xml:16:11-58
	android:name
		ADDED from src/main/AndroidManifest.xml:15:11-53
activity#com.nmbb.vlc.ui.VlcVideoActivity
ADDED from src/main/AndroidManifest.xml:18:3-25:14
	android:screenOrientation
		ADDED from src/main/AndroidManifest.xml:19:12-48
	android:label
		ADDED from src/main/AndroidManifest.xml:20:46-69
	android:theme
		ADDED from src/main/AndroidManifest.xml:20:12-45
	android:name
		ADDED from src/main/AndroidManifest.xml:18:13-60
intent-filter#android.intent.action.MAIN+android.intent.category.LAUNCHER
ADDED from src/main/AndroidManifest.xml:21:3-24:19
action#android.intent.action.MAIN
ADDED from src/main/AndroidManifest.xml:22:3-55
	android:name
		ADDED from src/main/AndroidManifest.xml:22:11-52
category#android.intent.category.LAUNCHER
ADDED from src/main/AndroidManifest.xml:23:3-63
	android:name
		ADDED from src/main/AndroidManifest.xml:23:13-60
uses-feature#android.hardware.screen.portrait
ADDED from src/main/AndroidManifest.xml:28:3-66
	android:name
		ADDED from src/main/AndroidManifest.xml:28:17-64